<?xml version="1.0" encoding="UTF-8"?>
<testng-results skipped="0" failed="0" total="1" passed="1">
  <reporter-output>
  </reporter-output>
  <suite name="AntJenkinsTestSuite" duration-ms="58834" started-at="2016-04-12T22:27:50Z" finished-at="2016-04-12T22:28:49Z">
    <groups>
    </groups>
    <test name="My test" duration-ms="58834" started-at="2016-04-12T22:27:50Z" finished-at="2016-04-12T22:28:49Z">
      <class name="myPackage.SmokeTest">
        <test-method status="PASS" signature="loginTest()[pri:0, instance:myPackage.SmokeTest@64c64813]" name="loginTest" duration-ms="58787" started-at="2016-04-12T17:27:50Z" finished-at="2016-04-12T17:28:49Z">
          <reporter-output>
          </reporter-output>
        </test-method> <!-- loginTest -->
      </class> <!-- myPackage.SmokeTest -->
    </test> <!-- My test -->
  </suite> <!-- AntJenkinsTestSuite -->
</testng-results>
